2026-02-23 00:49 EST - Security Alert Received
=============================================

Alert Details:
- Severity: HIGH
- Type: Failed login attempts
- Count: 2 attempts
- Time: 2026-02-23 00:48 UTC (19:48 EST on 2026-02-22)

System Status at Alert Time:
✅ Firewall: Enabled
✅ External connections: 0
✅ Unexpected ports: None

Analysis:
- 2 failed logins not critical but noteworthy
- System properly protected (firewall active)
- No external threats detected
- Likely local authentication failures

Next Steps:
- Monitor for recurring patterns
- Check if user had login issues around 19:48 EST
- Security monitoring remains active

Status: ACKNOWLEDGED - Low risk, system secure